app/build/outputs/logs/manifest-merger-release-report.txt
-- Merging decision tree log ---
manifest
ADDED from src\main\AndroidManifest.xml:2:1-53:12
	package
		ADDED from src\main\AndroidManifest.xml:3:5-37
		INJECTED from src\main\AndroidManifest.xml
		INJECTED from src\main\AndroidManifest.xml
	android:versionName
		ADDED from src\main\AndroidManifest.xml:5:5-30
		INJECTED from src\main\AndroidManifest.xml
		INJECTED from src\main\AndroidManifest.xml
	android:versionCode
		ADDED from src\main\AndroidManifest.xml:4:5-28
		INJECTED from src\main\AndroidManifest.xml
		INJECTED from src\main\AndroidManifest.xml
	xmlns:android
		ADDED from src\main\AndroidManifest.xml:2:11-69
uses-sdk
ADDED from src\main\AndroidManifest.xml:7:5-9:41
MERGED from [com.android.support:support-v4:21.0.0] AndroidManifest.xml:15:5-42
	android:targetSdkVersion
		ADDED from src\main\AndroidManifest.xml:9:9-38
		INJECTED from src\main\AndroidManifest.xml
		INJECTED from src\main\AndroidManifest.xml
	android:minSdkVersion
		ADDED from src\main\AndroidManifest.xml:8:9-35
		INJECTED from src\main\AndroidManifest.xml
		INJECTED from src\main\AndroidManifest.xml
uses-permission#android.permission.INTERNET
ADDED from src\main\AndroidManifest.xml:10:8-69
	android:name
		ADDED from src\main\AndroidManifest.xml:10:25-67
uses-permission#android.permission.WRITE_EXTERNAL_STORAGE
ADDED from src\main\AndroidManifest.xml:11:8-83
	android:name
		ADDED from src\main\AndroidManifest.xml:11:25-81
application
ADDED from src\main\AndroidManifest.xml:13:5-51:19
MERGED from [com.android.support:support-v4:21.0.0] AndroidManifest.xml:16:5-19
	android:label
		ADDED from src\main\AndroidManifest.xml:19:9-41
	android:allowBackup
		ADDED from src\main\AndroidManifest.xml:17:9-35
	android:icon
		ADDED from src\main\AndroidManifest.xml:18:9-45
	android:theme
		ADDED from src\main\AndroidManifest.xml:20:9-40
activity#com.bhoomiputra.farmer_activities.MainActivity
ADDED from src\main\AndroidManifest.xml:21:9-28:20
	android:label
		ADDED from src\main\AndroidManifest.xml:23:13-45
	android:name
		ADDED from src\main\AndroidManifest.xml:22:13-74
intent-filter#android.intent.action.MAIN+android.intent.category.LAUNCHER
ADDED from src\main\AndroidManifest.xml:24:13-27:29
action#android.intent.action.MAIN
ADDED from src\main\AndroidManifest.xml:25:17-69
	android:name
		ADDED from src\main\AndroidManifest.xml:25:25-66
category#android.intent.category.LAUNCHER
ADDED from src\main\AndroidManifest.xml:26:2-62
	android:name
		ADDED from src\main\AndroidManifest.xml:26:12-59
activity#com.bhoomiputra.farmer_activities.AddressActivity
ADDED from src\main\AndroidManifest.xml:29:9-95
	android:name
		ADDED from src\main\AndroidManifest.xml:29:19-83
activity#com.bhoomiputra.farmer_activities.AssetsActivity
ADDED from src\main\AndroidManifest.xml:30:9-94
	android:name
		ADDED from src\main\AndroidManifest.xml:30:19-82
activity#com.bhoomiputra.farmer_activities.FarmerHomeActivity
ADDED from src\main\AndroidManifest.xml:31:9-98
	android:name
		ADDED from src\main\AndroidManifest.xml:31:19-86
activity#com.bhoomiputra.farmer_activities.FarmerLoginActivity
ADDED from src\main\AndroidManifest.xml:32:9-99
	android:name
		ADDED from src\main\AndroidManifest.xml:32:19-87
activity#com.bhoomiputra.tools_activities.ToolAddressActivity
ADDED from src\main\AndroidManifest.xml:33:3-92
	android:name
		ADDED from src\main\AndroidManifest.xml:33:13-80
activity#com.bhoomiputra.tools_activities.ToolManpowerAssetActivity
ADDED from src\main\AndroidManifest.xml:34:9-104
	android:name
		ADDED from src\main\AndroidManifest.xml:34:19-92
activity#com.bhoomiputra.tools_activities.ToolRegisterActivity
ADDED from src\main\AndroidManifest.xml:35:9-99
	android:name
		ADDED from src\main\AndroidManifest.xml:35:19-87
activity#com.bhoomiputra.tools_activities.ToolsAssetsActivity
ADDED from src\main\AndroidManifest.xml:36:9-98
	android:name
		ADDED from src\main\AndroidManifest.xml:36:19-86
activity#com.bhoomiputra.tools_activities.ToolsManpowerHomeActivity
ADDED from src\main\AndroidManifest.xml:37:9-104
	android:name
		ADDED from src\main\AndroidManifest.xml:37:19-92
activity#com.bhoomiputra.tools_activities.ToolsManpowerLoginActivity
ADDED from src\main\AndroidManifest.xml:38:9-105
	android:name
		ADDED from src\main\AndroidManifest.xml:38:19-93
activity#com.bhoomiputra.vendor_activities.SellerActivity
ADDED from src\main\AndroidManifest.xml:39:9-94
	android:name
		ADDED from src\main\AndroidManifest.xml:39:19-82
activity#com.bhoomiputra.vendor_activities.VendorAddressActivity
ADDED from src\main\AndroidManifest.xml:40:9-101
	android:name
		ADDED from src\main\AndroidManifest.xml:40:19-89
activity#com.bhoomiputra.vendor_activities.VendorAssetsActivity
ADDED from src\main\AndroidManifest.xml:41:9-100
	android:name
		ADDED from src\main\AndroidManifest.xml:41:19-88
activity#com.bhoomiputra.vendor_activities.VendorBuyerAssetsActivity
ADDED from src\main\AndroidManifest.xml:42:9-105
	android:name
		ADDED from src\main\AndroidManifest.xml:42:19-93
activity#com.bhoomiputra.vendor_activities.VendorHomeActivity
ADDED from src\main\AndroidManifest.xml:43:9-98
	android:name
		ADDED from src\main\AndroidManifest.xml:43:19-86
activity#com.bhoomiputra.vendor_activities.VendorLoginActivity
ADDED from src\main\AndroidManifest.xml:44:9-99
	android:name
		ADDED from src\main\AndroidManifest.xml:44:19-87
activity#com.bhoomiputra.vendor_activities.VendorRegisterActivity
ADDED from src\main\AndroidManifest.xml:45:9-102
	android:name
		ADDED from src\main\AndroidManifest.xml:45:19-90
activity#com.bhoomiputra.vendor_activities.VendorSellerAssetsActivity
ADDED from src\main\AndroidManifest.xml:46:9-106
	android:name
		ADDED from src\main\AndroidManifest.xml:46:19-94
activity#com.bhoomiputra.farmer_activities.RegisterActivity
ADDED from src\main\AndroidManifest.xml:47:9-96
	android:name
		ADDED from src\main\AndroidManifest.xml:47:19-84